Diagnose log at 2025-04-24T12:14:12Z

AppPath: C:\Program Files\Git\mingw64\bin\git-credential-manager.exe
InstallDir: C:\Program Files\Git\mingw64\bin\
Version: 2.0.886+ea93cb5158

------------
Diagnostic: Environment
Skipped: False
Success: True
Exception: None
Log:
OSType: Windows
OSVersion: 10.0 (build 19045)
Reading environment variables... OK
 Variables:
HOMEPATH=\Users\MXZ User
DriverData=C:\Windows\System32\Drivers\DriverData
COMPUTERNAME=DESKTOP-2BFFGHR
CommonProgramFiles(x86)=C:\Program Files (x86)\Common Files
OneDrive=C:\Users\MXZ User\OneDrive
ChocolateyLastPathUpdate=133860582455170367
LANG=en_US.UTF-8
TMP=C:\Users\MXZUSE~1\AppData\Local\Temp
HOME=C:\Users\MXZ User
PROCESSOR_REVISION=5000
PATHEXT=.COM;.EXE;.BAT;.CMD;.VBS;.VBE;.JS;.JSE;.WSF;.WSH;.MSC;.CPL
AMDRMPATH=C:\Program Files\AMD\RyzenMaster\
GIT_ASKPASS=c:\Users\MXZ User\AppData\Local\Programs\cursor\resources\app\extensions\git\dist\askpass.sh
GIT_EXEC_PATH=C:/Program Files/Git/mingw64/libexec/git-core
TEMP=C:\Users\MXZUSE~1\AppData\Local\Temp
LOCALAPPDATA=C:\Users\MXZ User\AppData\Local
MSYSTEM=MINGW64
TERM=xterm-256color
CURSOR_TRACE_ID=5ccce1b7b8ce40b1998e3bf2920b67de
COLORTERM=truecolor
USERDOMAIN=DESKTOP-2BFFGHR
ProgramFiles(x86)=C:\Program Files (x86)
Path=C:/Program Files/Git/mingw64/libexec/git-core;C:\Program Files\Git\mingw64\bin;C:\Program Files\Git\usr\bin;C:\Users\MXZ User\bin;c:\windows\system32;c:\windows;c:\windows\system32\wbem;c:\windows\system32\windowspowershell\v1.0\;c:\windows\system32\openssh\;c:\program files\git\cmd;c:\program files (x86)\bitvise ssh client;c:\program files\dotnet\;c:\Users\MXZ User\AppData\Local\Programs\cursor\resources\app\bin;C:\Program Files\nodejs\;C:\Users\MXZ User\scoop\shims;C:\Program Files\MySQL\MySQL Shell 8.0\bin\;C:\Users\MXZ User\.cargo\bin;C:\Program Files\youtube-dl;C:\Users\MXZ User\AppData\Local\Programs\Microsoft VS Code\bin;C:\Users\MXZ User\AppData\Local\Programs\cursor\resources\app\bin;C:\Users\MXZ User\AppData\Roaming\npm
TERM_PROGRAM=vscode
PROCESSOR_LEVEL=25
PROCESSOR_IDENTIFIER=AMD64 Family 25 Model 80 Stepping 0, AuthenticAMD
TMPDIR=C:\Users\MXZUSE~1\AppData\Local\Temp
VSCODE_GIT_ASKPASS_EXTRA_ARGS=
TERM_PROGRAM_VERSION=0.49.4
VSCODE_GIT_ASKPASS_MAIN=c:\Users\MXZ User\AppData\Local\Programs\cursor\resources\app\extensions\git\dist\askpass-main.js
PSModulePath=C:\Users\MXZ User\OneDrive\Documents\WindowsPowerShell\Modules;C:\Program Files\WindowsPowerShell\Modules;C:\Windows\system32\WindowsPowerShell\v1.0\Modules
PUBLIC=C:\Users\Public
NUMBER_OF_PROCESSORS=16
FPS_BROWSER_USER_PROFILE_STRING=Default
CommonProgramFiles=C:\Program Files (x86)\Common Files
VSCODE_INJECTION=1
VSCODE_GIT_IPC_HANDLE=\\.\pipe\vscode-git-f06326d3bf-sock
CHROME_CRASHPAD_PIPE_NAME=\\.\pipe\crashpad_30740_JBBMWEITQXVDGCDT
PLINK_PROTOCOL=ssh
ProgramData=C:\ProgramData
ProgramW6432=C:\Program Files
ProgramFiles=C:\Program Files (x86)
VSCODE_GIT_ASKPASS_NODE=C:\Users\MXZ User\AppData\Local\Programs\cursor\Cursor.exe
SystemRoot=C:\Windows
ORIGINAL_XDG_CURRENT_DESKTOP=undefined
SESSIONNAME=Console
CommonProgramW6432=C:\Program Files\Common Files
LOGONSERVER=\\DESKTOP-2BFFGHR
USERPROFILE=C:\Users\MXZ User
USERDOMAIN_ROAMINGPROFILE=DESKTOP-2BFFGHR
APPDATA=C:\Users\MXZ User\AppData\Roaming
HOMEDRIVE=C:
USERNAME=MXZ User
PROCESSOR_ARCHITEW6432=AMD64
FPS_BROWSER_APP_PROFILE_STRING=Internet Explorer
PROCESSOR_ARCHITECTURE=x86
OS=Windows_NT
ComSpec=C:\Windows\system32\cmd.exe
SystemDrive=C:
windir=C:\Windows
OneDriveConsumer=C:\Users\MXZ User\OneDrive
ALLUSERSPROFILE=C:\ProgramData


------------
Diagnostic: File system
Skipped: False
Success: True
Exception: None
Log:
Temporary directory is 'C:\Users\MXZ User\AppData\Local\Temp\'...
Checking basic file I/O...
Writing to temporary file 'C:\Users\MXZ User\AppData\Local\Temp\e74f4dfebce8cdc2895e7ae2'... OK
Reading from temporary file 'C:\Users\MXZ User\AppData\Local\Temp\e74f4dfebce8cdc2895e7ae2'... OK
Deleting temporary file 'C:\Users\MXZ User\AppData\Local\Temp\e74f4dfebce8cdc2895e7ae2'... OK
Testing IFileSystem instance...
UserHomePath: C:\Users\MXZ User
UserDataDirectoryPath: C:\Users\MXZ User\.gcm
GetCurrentDirectory(): C:\Users\MXZ User\melodi

------------
Diagnostic: Networking
Skipped: False
Success: True
Exception: None
Log:
Checking networking and HTTP stack...
Creating HTTP client... OK
IsNetworkAvailable: True
Sending HEAD request to http://example.com... OK
Sending HEAD request to https://example.com... OK
Acquiring free TCP port... OK
Testing local HTTP loopback connections...
Creating new HTTP listener for http://localhost:61528/... OK
Waiting for loopback connection... OK
Writing response... OK
Waiting for response data... OK
Loopback connection data OK

------------
Diagnostic: Git
Skipped: False
Success: True
Exception: None
Log:
Getting Git version... OK
Git version is '2.39.0.windows.2'
Locating current repository... OK
Git repository at 'C:/Users/MXZ User/melodi/.git'
Listing all Git configuration... OK
Git configuration:
file:C:/Program Files/Git/etc/gitconfig	diff.astextplain.textconv=astextplain
file:C:/Program Files/Git/etc/gitconfig	filter.lfs.clean=git-lfs clean -- %f
file:C:/Program Files/Git/etc/gitconfig	filter.lfs.smudge=git-lfs smudge -- %f
file:C:/Program Files/Git/etc/gitconfig	filter.lfs.process=git-lfs filter-process
file:C:/Program Files/Git/etc/gitconfig	filter.lfs.required=true
file:C:/Program Files/Git/etc/gitconfig	http.sslbackend=openssl
file:C:/Program Files/Git/etc/gitconfig	http.sslcainfo=C:/Program Files/Git/mingw64/ssl/certs/ca-bundle.crt
file:C:/Program Files/Git/etc/gitconfig	core.autocrlf=true
file:C:/Program Files/Git/etc/gitconfig	core.fscache=true
file:C:/Program Files/Git/etc/gitconfig	core.symlinks=false
file:C:/Program Files/Git/etc/gitconfig	pull.rebase=false
file:C:/Program Files/Git/etc/gitconfig	credential.helper=manager
file:C:/Program Files/Git/etc/gitconfig	credential.https://dev.azure.com.usehttppath=true
file:C:/Program Files/Git/etc/gitconfig	init.defaultbranch=master
file:C:/Users/MXZ User/.gitconfig	user.name=Your Name
file:C:/Users/MXZ User/.gitconfig	user.email=your-email@example.com
file:.git/config	core.repositoryformatversion=0
file:.git/config	core.filemode=false
file:.git/config	core.bare=false
file:.git/config	core.logallrefupdates=true
file:.git/config	core.symlinks=false
file:.git/config	core.ignorecase=true
file:.git/config	remote.origin.url=https://github.com/ChumaAmadi/melodi.git
file:.git/config	remote.origin.fetch=+refs/heads/*:refs/remotes/origin/*
file:.git/config	branch.master.remote=origin
file:.git/config	branch.master.merge=refs/heads/master
file:.git/config	branch.master.vscode-merge-base=origin/master


------------
Diagnostic: Credential storage
Skipped: False
Success: True
Exception: None
Log:
ICredentialStore instance is of type: CredentialStore
Writing test credential... OK
Reading test credential... OK
Deleting test credential... OK

------------
Diagnostic: Microsoft authentication (AAD/MSA)
Skipped: False
Success: True
Exception: None
Log:
Broker not supported.
Flow type is: Auto
Gathering MSAL token cache data... OK
CacheDirectory: C:\Users\MXZ User\AppData\Local\.IdentityService
CacheFileName: msal.cache
CacheFilePath: C:\Users\MXZ User\AppData\Local\.IdentityService\msal.cache
Creating cache helper... OK
Verifying MSAL token cache persistence... OK

------------
Diagnostic: GitHub API
Skipped: False
Success: True
Exception: None
Log:
Using 'https://github.com/' as API target.
Querying '/meta' endpoint... OK

